Wed, 17 Jan 2018 13:48:54 train.py[line:59] INFO Reading training corpus
Wed, 17 Jan 2018 13:48:54 train.py[line:64] INFO Training model of order 3
Wed, 17 Jan 2018 13:48:54 train.py[line:30] INFO Iteration 1/100
Wed, 17 Jan 2018 13:48:59 train.py[line:36] INFO Model: PYPLM(order=3, #ctx=23225, prior=PYPPrior(discount=0.8, strength=1.0 | discount ~ Beta(1.0, 1.0); strength + discount ~ Gamma(1.0, 1.0) | nties=23225), backoff=PYPLM(order=2, #ctx=5754, prior=PYPPrior(discount=0.8, strength=1.0 | discount ~ Beta(1.0, 1.0); strength + discount ~ Gamma(1.0, 1.0) | nties=5754), backoff=PYPLM(order=1, #ctx=1, prior=PYPPrior(discount=0.8, strength=1.0 | discount ~ Beta(1.0, 1.0); strength + discount ~ Gamma(1.0, 1.0) | nties=1), backoff=Uniform(K=5755, count=9034))))
Wed, 17 Jan 2018 13:49:00 train.py[line:39] INFO LL=-261195 ppl=303.251
Wed, 17 Jan 2018 13:49:00 train.py[line:30] INFO Iteration 2/100
Wed, 17 Jan 2018 13:49:04 train.py[line:30] INFO Iteration 3/100
Wed, 17 Jan 2018 13:49:08 train.py[line:30] INFO Iteration 4/100
Wed, 17 Jan 2018 13:49:12 train.py[line:30] INFO Iteration 5/100
Wed, 17 Jan 2018 13:49:16 train.py[line:30] INFO Iteration 6/100
Wed, 17 Jan 2018 13:49:19 train.py[line:30] INFO Iteration 7/100
Wed, 17 Jan 2018 13:49:23 train.py[line:30] INFO Iteration 8/100
Wed, 17 Jan 2018 13:49:27 train.py[line:30] INFO Iteration 9/100
Wed, 17 Jan 2018 13:49:31 train.py[line:30] INFO Iteration 10/100
Wed, 17 Jan 2018 13:49:34 train.py[line:30] INFO Iteration 11/100
Wed, 17 Jan 2018 13:49:38 train.py[line:36] INFO Model: PYPLM(order=3, #ctx=23225, prior=PYPPrior(discount=0.8, strength=1.0 | discount ~ Beta(1.0, 1.0); strength + discount ~ Gamma(1.0, 1.0) | nties=23225), backoff=PYPLM(order=2, #ctx=5754, prior=PYPPrior(discount=0.8, strength=1.0 | discount ~ Beta(1.0, 1.0); strength + discount ~ Gamma(1.0, 1.0) | nties=5754), backoff=PYPLM(order=1, #ctx=1, prior=PYPPrior(discount=0.8, strength=1.0 | discount ~ Beta(1.0, 1.0); strength + discount ~ Gamma(1.0, 1.0) | nties=1), backoff=Uniform(K=5755, count=9189))))
Wed, 17 Jan 2018 13:49:39 train.py[line:39] INFO LL=-258621 ppl=286.643
Wed, 17 Jan 2018 13:49:39 train.py[line:30] INFO Iteration 12/100
Wed, 17 Jan 2018 13:49:43 train.py[line:30] INFO Iteration 13/100
Wed, 17 Jan 2018 13:49:47 train.py[line:30] INFO Iteration 14/100
Wed, 17 Jan 2018 13:49:51 train.py[line:30] INFO Iteration 15/100
Wed, 17 Jan 2018 13:49:54 train.py[line:30] INFO Iteration 16/100
Wed, 17 Jan 2018 13:49:58 train.py[line:30] INFO Iteration 17/100
Wed, 17 Jan 2018 13:50:02 train.py[line:30] INFO Iteration 18/100
Wed, 17 Jan 2018 13:50:06 train.py[line:30] INFO Iteration 19/100
Wed, 17 Jan 2018 13:50:09 train.py[line:30] INFO Iteration 20/100
Wed, 17 Jan 2018 13:50:13 train.py[line:30] INFO Iteration 21/100
Wed, 17 Jan 2018 13:50:17 train.py[line:36] INFO Model: PYPLM(order=3, #ctx=23225, prior=PYPPrior(discount=0.8, strength=1.0 | discount ~ Beta(1.0, 1.0); strength + discount ~ Gamma(1.0, 1.0) | nties=23225), backoff=PYPLM(order=2, #ctx=5754, prior=PYPPrior(discount=0.8, strength=1.0 | discount ~ Beta(1.0, 1.0); strength + discount ~ Gamma(1.0, 1.0) | nties=5754), backoff=PYPLM(order=1, #ctx=1, prior=PYPPrior(discount=0.8, strength=1.0 | discount ~ Beta(1.0, 1.0); strength + discount ~ Gamma(1.0, 1.0) | nties=1), backoff=Uniform(K=5755, count=9021))))
Wed, 17 Jan 2018 13:50:18 train.py[line:39] INFO LL=-258406 ppl=285.298
Wed, 17 Jan 2018 13:50:18 train.py[line:30] INFO Iteration 22/100
Wed, 17 Jan 2018 13:50:22 train.py[line:30] INFO Iteration 23/100
Wed, 17 Jan 2018 13:50:25 train.py[line:30] INFO Iteration 24/100
Wed, 17 Jan 2018 13:50:29 train.py[line:30] INFO Iteration 25/100
Wed, 17 Jan 2018 13:50:33 train.py[line:30] INFO Iteration 26/100
Wed, 17 Jan 2018 13:50:37 train.py[line:30] INFO Iteration 27/100
Wed, 17 Jan 2018 13:50:41 train.py[line:30] INFO Iteration 28/100
Wed, 17 Jan 2018 13:50:44 train.py[line:30] INFO Iteration 29/100
Wed, 17 Jan 2018 13:50:48 train.py[line:30] INFO Iteration 30/100
Wed, 17 Jan 2018 13:50:52 train.py[line:41] INFO Resampling hyperparameters...
Wed, 17 Jan 2018 13:50:52 model.py[line:51] INFO Resampling level 3 hyperparameters
Wed, 17 Jan 2018 13:52:03 model.py[line:51] INFO Resampling level 2 hyperparameters
Wed, 17 Jan 2018 13:52:27 model.py[line:51] INFO Resampling level 1 hyperparameters
Wed, 17 Jan 2018 13:52:30 train.py[line:44] INFO Metropolis-Hastings acceptance rate: 0.0333
Wed, 17 Jan 2018 13:52:30 train.py[line:45] INFO Model: PYPLM(order=3, #ctx=23225, prior=PYPPrior(discount=0.856501809792, strength=0.468611920777 | discount ~ Beta(1.0, 1.0); strength + discount ~ Gamma(1.0, 1.0) | nties=23225), backoff=PYPLM(order=2, #ctx=5754, prior=PYPPrior(discount=0.82061382906, strength=0.763326328381 | discount ~ Beta(1.0, 1.0); strength + discount ~ Gamma(1.0, 1.0) | nties=5754), backoff=PYPLM(order=1, #ctx=1, prior=PYPPrior(discount=0.851768042379, strength=-0.825755852113 | discount ~ Beta(1.0, 1.0); strength + discount ~ Gamma(1.0, 1.0) | nties=1), backoff=Uniform(K=5755, count=9195))))
Wed, 17 Jan 2018 13:52:31 train.py[line:48] INFO LL=-258209 ppl=284.069
Wed, 17 Jan 2018 13:52:31 train.py[line:30] INFO Iteration 31/100
Wed, 17 Jan 2018 13:52:35 train.py[line:36] INFO Model: PYPLM(order=3, #ctx=23225, prior=PYPPrior(discount=0.856501809792, strength=0.468611920777 | discount ~ Beta(1.0, 1.0); strength + discount ~ Gamma(1.0, 1.0) | nties=23225), backoff=PYPLM(order=2, #ctx=5754, prior=PYPPrior(discount=0.82061382906, strength=0.763326328381 | discount ~ Beta(1.0, 1.0); strength + discount ~ Gamma(1.0, 1.0) | nties=5754), backoff=PYPLM(order=1, #ctx=1, prior=PYPPrior(discount=0.851768042379, strength=-0.825755852113 | discount ~ Beta(1.0, 1.0); strength + discount ~ Gamma(1.0, 1.0) | nties=1), backoff=Uniform(K=5755, count=9344))))
Wed, 17 Jan 2018 13:52:36 train.py[line:39] INFO LL=-257949 ppl=282.462
Wed, 17 Jan 2018 13:52:36 train.py[line:30] INFO Iteration 32/100
Wed, 17 Jan 2018 13:52:40 train.py[line:30] INFO Iteration 33/100
Wed, 17 Jan 2018 13:52:43 train.py[line:30] INFO Iteration 34/100
Wed, 17 Jan 2018 13:52:47 train.py[line:30] INFO Iteration 35/100
Wed, 17 Jan 2018 13:52:52 train.py[line:30] INFO Iteration 36/100
Wed, 17 Jan 2018 13:52:57 train.py[line:30] INFO Iteration 37/100
Wed, 17 Jan 2018 13:53:02 train.py[line:30] INFO Iteration 38/100
Wed, 17 Jan 2018 13:53:16 train.py[line:30] INFO Iteration 39/100
Wed, 17 Jan 2018 13:53:53 train.py[line:30] INFO Iteration 40/100
Wed, 17 Jan 2018 13:54:24 train.py[line:30] INFO Iteration 41/100
Wed, 17 Jan 2018 13:54:56 train.py[line:36] INFO Model: PYPLM(order=3, #ctx=23225, prior=PYPPrior(discount=0.856501809792, strength=0.468611920777 | discount ~ Beta(1.0, 1.0); strength + discount ~ Gamma(1.0, 1.0) | nties=23225), backoff=PYPLM(order=2, #ctx=5754, prior=PYPPrior(discount=0.82061382906, strength=0.763326328381 | discount ~ Beta(1.0, 1.0); strength + discount ~ Gamma(1.0, 1.0) | nties=5754), backoff=PYPLM(order=1, #ctx=1, prior=PYPPrior(discount=0.851768042379, strength=-0.825755852113 | discount ~ Beta(1.0, 1.0); strength + discount ~ Gamma(1.0, 1.0) | nties=1), backoff=Uniform(K=5755, count=9389))))
Wed, 17 Jan 2018 13:55:01 train.py[line:39] INFO LL=-257109 ppl=277.313
Wed, 17 Jan 2018 13:55:01 train.py[line:30] INFO Iteration 42/100
Wed, 17 Jan 2018 13:55:29 train.py[line:30] INFO Iteration 43/100
Wed, 17 Jan 2018 13:56:14 train.py[line:30] INFO Iteration 44/100
Wed, 17 Jan 2018 13:56:37 train.py[line:30] INFO Iteration 45/100
Wed, 17 Jan 2018 13:56:43 train.py[line:30] INFO Iteration 46/100
Wed, 17 Jan 2018 13:56:48 train.py[line:30] INFO Iteration 47/100
Wed, 17 Jan 2018 13:56:52 train.py[line:30] INFO Iteration 48/100
Wed, 17 Jan 2018 13:56:56 train.py[line:30] INFO Iteration 49/100
Wed, 17 Jan 2018 13:57:00 train.py[line:30] INFO Iteration 50/100
Wed, 17 Jan 2018 13:57:04 train.py[line:30] INFO Iteration 51/100
Wed, 17 Jan 2018 13:57:08 train.py[line:36] INFO Model: PYPLM(order=3, #ctx=23225, prior=PYPPrior(discount=0.856501809792, strength=0.468611920777 | discount ~ Beta(1.0, 1.0); strength + discount ~ Gamma(1.0, 1.0) | nties=23225), backoff=PYPLM(order=2, #ctx=5754, prior=PYPPrior(discount=0.82061382906, strength=0.763326328381 | discount ~ Beta(1.0, 1.0); strength + discount ~ Gamma(1.0, 1.0) | nties=5754), backoff=PYPLM(order=1, #ctx=1, prior=PYPPrior(discount=0.851768042379, strength=-0.825755852113 | discount ~ Beta(1.0, 1.0); strength + discount ~ Gamma(1.0, 1.0) | nties=1), backoff=Uniform(K=5755, count=9373))))
Wed, 17 Jan 2018 13:57:10 train.py[line:39] INFO LL=-257017 ppl=276.760
Wed, 17 Jan 2018 13:57:10 train.py[line:30] INFO Iteration 52/100
Wed, 17 Jan 2018 13:57:14 train.py[line:30] INFO Iteration 53/100
Wed, 17 Jan 2018 13:57:18 train.py[line:30] INFO Iteration 54/100
Wed, 17 Jan 2018 13:57:22 train.py[line:30] INFO Iteration 55/100
Wed, 17 Jan 2018 13:57:26 train.py[line:30] INFO Iteration 56/100
Wed, 17 Jan 2018 13:57:31 train.py[line:30] INFO Iteration 57/100
Wed, 17 Jan 2018 13:57:35 train.py[line:30] INFO Iteration 58/100
Wed, 17 Jan 2018 13:57:39 train.py[line:30] INFO Iteration 59/100
Wed, 17 Jan 2018 13:57:42 train.py[line:30] INFO Iteration 60/100
Wed, 17 Jan 2018 13:57:46 train.py[line:41] INFO Resampling hyperparameters...
Wed, 17 Jan 2018 13:57:46 model.py[line:51] INFO Resampling level 3 hyperparameters
Wed, 17 Jan 2018 13:58:59 model.py[line:51] INFO Resampling level 2 hyperparameters
Wed, 17 Jan 2018 13:59:23 model.py[line:51] INFO Resampling level 1 hyperparameters
Wed, 17 Jan 2018 13:59:26 train.py[line:44] INFO Metropolis-Hastings acceptance rate: 0.0267
Wed, 17 Jan 2018 13:59:26 train.py[line:45] INFO Model: PYPLM(order=3, #ctx=23225, prior=PYPPrior(discount=0.897970120451, strength=0.0625068085698 | discount ~ Beta(1.0, 1.0); strength + discount ~ Gamma(1.0, 1.0) | nties=23225), backoff=PYPLM(order=2, #ctx=5754, prior=PYPPrior(discount=0.82061382906, strength=0.763326328381 | discount ~ Beta(1.0, 1.0); strength + discount ~ Gamma(1.0, 1.0) | nties=5754), backoff=PYPLM(order=1, #ctx=1, prior=PYPPrior(discount=0.87271896058, strength=-0.859077809523 | discount ~ Beta(1.0, 1.0); strength + discount ~ Gamma(1.0, 1.0) | nties=1), backoff=Uniform(K=5755, count=9401))))
Wed, 17 Jan 2018 13:59:27 train.py[line:48] INFO LL=-257004 ppl=276.681
Wed, 17 Jan 2018 13:59:27 train.py[line:30] INFO Iteration 61/100
Wed, 17 Jan 2018 13:59:30 train.py[line:36] INFO Model: PYPLM(order=3, #ctx=23225, prior=PYPPrior(discount=0.897970120451, strength=0.0625068085698 | discount ~ Beta(1.0, 1.0); strength + discount ~ Gamma(1.0, 1.0) | nties=23225), backoff=PYPLM(order=2, #ctx=5754, prior=PYPPrior(discount=0.82061382906, strength=0.763326328381 | discount ~ Beta(1.0, 1.0); strength + discount ~ Gamma(1.0, 1.0) | nties=5754), backoff=PYPLM(order=1, #ctx=1, prior=PYPPrior(discount=0.87271896058, strength=-0.859077809523 | discount ~ Beta(1.0, 1.0); strength + discount ~ Gamma(1.0, 1.0) | nties=1), backoff=Uniform(K=5755, count=9488))))
Wed, 17 Jan 2018 13:59:31 train.py[line:39] INFO LL=-256786 ppl=275.360
Wed, 17 Jan 2018 13:59:31 train.py[line:30] INFO Iteration 62/100
Wed, 17 Jan 2018 13:59:35 train.py[line:30] INFO Iteration 63/100
Wed, 17 Jan 2018 13:59:39 train.py[line:30] INFO Iteration 64/100
Wed, 17 Jan 2018 13:59:43 train.py[line:30] INFO Iteration 65/100
Wed, 17 Jan 2018 13:59:47 train.py[line:30] INFO Iteration 66/100
Wed, 17 Jan 2018 13:59:51 train.py[line:30] INFO Iteration 67/100
Wed, 17 Jan 2018 13:59:55 train.py[line:30] INFO Iteration 68/100
Wed, 17 Jan 2018 13:59:59 train.py[line:30] INFO Iteration 69/100
Wed, 17 Jan 2018 14:00:03 train.py[line:30] INFO Iteration 70/100
Wed, 17 Jan 2018 14:00:07 train.py[line:30] INFO Iteration 71/100
Wed, 17 Jan 2018 14:00:11 train.py[line:36] INFO Model: PYPLM(order=3, #ctx=23225, prior=PYPPrior(discount=0.897970120451, strength=0.0625068085698 | discount ~ Beta(1.0, 1.0); strength + discount ~ Gamma(1.0, 1.0) | nties=23225), backoff=PYPLM(order=2, #ctx=5754, prior=PYPPrior(discount=0.82061382906, strength=0.763326328381 | discount ~ Beta(1.0, 1.0); strength + discount ~ Gamma(1.0, 1.0) | nties=5754), backoff=PYPLM(order=1, #ctx=1, prior=PYPPrior(discount=0.87271896058, strength=-0.859077809523 | discount ~ Beta(1.0, 1.0); strength + discount ~ Gamma(1.0, 1.0) | nties=1), backoff=Uniform(K=5755, count=9559))))
Wed, 17 Jan 2018 14:00:12 train.py[line:39] INFO LL=-256505 ppl=273.674
Wed, 17 Jan 2018 14:00:12 train.py[line:30] INFO Iteration 72/100
Wed, 17 Jan 2018 14:00:16 train.py[line:30] INFO Iteration 73/100
Wed, 17 Jan 2018 14:00:19 train.py[line:30] INFO Iteration 74/100
Wed, 17 Jan 2018 14:00:23 train.py[line:30] INFO Iteration 75/100
Wed, 17 Jan 2018 14:00:27 train.py[line:30] INFO Iteration 76/100
Wed, 17 Jan 2018 14:00:31 train.py[line:30] INFO Iteration 77/100
Wed, 17 Jan 2018 14:00:35 train.py[line:30] INFO Iteration 78/100
Wed, 17 Jan 2018 14:00:39 train.py[line:30] INFO Iteration 79/100
Wed, 17 Jan 2018 14:00:43 train.py[line:30] INFO Iteration 80/100
Wed, 17 Jan 2018 14:00:47 train.py[line:30] INFO Iteration 81/100
Wed, 17 Jan 2018 14:00:50 train.py[line:36] INFO Model: PYPLM(order=3, #ctx=23225, prior=PYPPrior(discount=0.897970120451, strength=0.0625068085698 | discount ~ Beta(1.0, 1.0); strength + discount ~ Gamma(1.0, 1.0) | nties=23225), backoff=PYPLM(order=2, #ctx=5754, prior=PYPPrior(discount=0.82061382906, strength=0.763326328381 | discount ~ Beta(1.0, 1.0); strength + discount ~ Gamma(1.0, 1.0) | nties=5754), backoff=PYPLM(order=1, #ctx=1, prior=PYPPrior(discount=0.87271896058, strength=-0.859077809523 | discount ~ Beta(1.0, 1.0); strength + discount ~ Gamma(1.0, 1.0) | nties=1), backoff=Uniform(K=5755, count=9527))))
Wed, 17 Jan 2018 14:00:51 train.py[line:39] INFO LL=-256412 ppl=273.121
Wed, 17 Jan 2018 14:00:51 train.py[line:30] INFO Iteration 82/100
Wed, 17 Jan 2018 14:00:55 train.py[line:30] INFO Iteration 83/100
Wed, 17 Jan 2018 14:00:59 train.py[line:30] INFO Iteration 84/100
Wed, 17 Jan 2018 14:01:03 train.py[line:30] INFO Iteration 85/100
Wed, 17 Jan 2018 14:01:07 train.py[line:30] INFO Iteration 86/100
Wed, 17 Jan 2018 14:01:11 train.py[line:30] INFO Iteration 87/100
Wed, 17 Jan 2018 14:01:15 train.py[line:30] INFO Iteration 88/100
Wed, 17 Jan 2018 14:01:19 train.py[line:30] INFO Iteration 89/100
Wed, 17 Jan 2018 14:01:23 train.py[line:30] INFO Iteration 90/100
Wed, 17 Jan 2018 14:01:28 train.py[line:41] INFO Resampling hyperparameters...
Wed, 17 Jan 2018 14:01:28 model.py[line:51] INFO Resampling level 3 hyperparameters
Wed, 17 Jan 2018 14:02:50 model.py[line:51] INFO Resampling level 2 hyperparameters
Wed, 17 Jan 2018 14:03:15 model.py[line:51] INFO Resampling level 1 hyperparameters
Wed, 17 Jan 2018 14:03:19 train.py[line:44] INFO Metropolis-Hastings acceptance rate: 0.0200
Wed, 17 Jan 2018 14:03:19 train.py[line:45] INFO Model: PYPLM(order=3, #ctx=23225, prior=PYPPrior(discount=0.897970120451, strength=0.0625068085698 | discount ~ Beta(1.0, 1.0); strength + discount ~ Gamma(1.0, 1.0) | nties=23225), backoff=PYPLM(order=2, #ctx=5754, prior=PYPPrior(discount=0.826453328569, strength=0.6170696293 | discount ~ Beta(1.0, 1.0); strength + discount ~ Gamma(1.0, 1.0) | nties=5754), backoff=PYPLM(order=1, #ctx=1, prior=PYPPrior(discount=0.879353278829, strength=-0.854882759954 | discount ~ Beta(1.0, 1.0); strength + discount ~ Gamma(1.0, 1.0) | nties=1), backoff=Uniform(K=5755, count=9499))))
Wed, 17 Jan 2018 14:03:20 train.py[line:48] INFO LL=-256490 ppl=273.585
Wed, 17 Jan 2018 14:03:20 train.py[line:30] INFO Iteration 91/100
Wed, 17 Jan 2018 14:03:24 train.py[line:36] INFO Model: PYPLM(order=3, #ctx=23225, prior=PYPPrior(discount=0.897970120451, strength=0.0625068085698 | discount ~ Beta(1.0, 1.0); strength + discount ~ Gamma(1.0, 1.0) | nties=23225), backoff=PYPLM(order=2, #ctx=5754, prior=PYPPrior(discount=0.826453328569, strength=0.6170696293 | discount ~ Beta(1.0, 1.0); strength + discount ~ Gamma(1.0, 1.0) | nties=5754), backoff=PYPLM(order=1, #ctx=1, prior=PYPPrior(discount=0.879353278829, strength=-0.854882759954 | discount ~ Beta(1.0, 1.0); strength + discount ~ Gamma(1.0, 1.0) | nties=1), backoff=Uniform(K=5755, count=9653))))
Wed, 17 Jan 2018 14:03:25 train.py[line:39] INFO LL=-256429 ppl=273.218
Wed, 17 Jan 2018 14:03:25 train.py[line:30] INFO Iteration 92/100
Wed, 17 Jan 2018 14:03:29 train.py[line:30] INFO Iteration 93/100
Wed, 17 Jan 2018 14:03:33 train.py[line:30] INFO Iteration 94/100
Wed, 17 Jan 2018 14:03:37 train.py[line:30] INFO Iteration 95/100
Wed, 17 Jan 2018 14:03:41 train.py[line:30] INFO Iteration 96/100
Wed, 17 Jan 2018 14:03:45 train.py[line:30] INFO Iteration 97/100
Wed, 17 Jan 2018 14:03:49 train.py[line:30] INFO Iteration 98/100
Wed, 17 Jan 2018 14:03:53 train.py[line:30] INFO Iteration 99/100
Wed, 17 Jan 2018 14:03:57 train.py[line:30] INFO Iteration 100/100
